# JRE version: OpenJDK Runtime Environment (8.0_152-b01) (build 1.8.0_152-release-1248-b01)
# Java VM: OpenJDK 64-Bit Server VM (25.152-b01 mixed mode windows-amd64 compressed oops)
Heap:
 PSYoungGen      total 227328K, used 60782K [0x00000000e0000000, 0x00000000f1780000, 0x0000000100000000)
  eden space 200192K, 16% used [0x00000000e0000000,0x00000000e20e0f58,0x00000000ec380000)
  from space 27136K, 99% used [0x00000000efd00000,0x00000000f177a920,0x00000000f1780000)
  to   space 32256K, 0% used [0x00000000ed880000,0x00000000ed880000,0x00000000ef800000)
 ParOldGen       total 108032K, used 54957K [0x00000000a0000000, 0x00000000a6980000, 0x00000000e0000000)
  object space 108032K, 50% used [0x00000000a0000000,0x00000000a35ab4d0,0x00000000a6980000)
 Metaspace       used 90676K, capacity 93674K, committed 93824K, reserved 1130496K
  class space    used 11943K, capacity 12632K, committed 12672K, reserved 1048576K
GC Heap History (10 events):
Event: 28.334 GC heap before
{Heap before GC invocations=17 (full 3):
 PSYoungGen      total 158720K, used 143872K [0x00000000e0000000, 0x00000000ed180000, 0x0000000100000000)
  eden space 143872K, 100% used [0x00000000e0000000,0x00000000e8c80000,0x00000000e8c80000)
  from space 14848K, 0% used [0x00000000e8c80000,0x00000000e8c80000,0x00000000e9b00000)
  to   space 14336K, 0% used [0x00000000ec380000,0x00000000ec380000,0x00000000ed180000)
 ParOldGen       total 108032K, used 32684K [0x00000000a0000000, 0x00000000a6980000, 0x00000000e0000000)
  object space 108032K, 30% used [0x00000000a0000000,0x00000000a1feb168,0x00000000a6980000)
 Metaspace       used 63233K, capacity 64894K, committed 65152K, reserved 1105920K
  class space    used 8613K, capacity 9053K, committed 9088K, reserved 1048576K
Event: 28.523 GC heap after
Heap after GC invocations=17 (full 3):
 PSYoungGen      total 187904K, used 9126K [0x00000000e0000000, 0x00000000ecc80000, 0x0000000100000000)
  eden space 178688K, 0% used [0x00000000e0000000,0x00000000e0000000,0x00000000eae80000)
  from space 9216K, 99% used [0x00000000ec380000,0x00000000ecc69900,0x00000000ecc80000)
  to   space 14336K, 0% used [0x00000000eb080000,0x00000000eb080000,0x00000000ebe80000)
 ParOldGen       total 108032K, used 32692K [0x00000000a0000000, 0x00000000a6980000, 0x00000000e0000000)
  object space 108032K, 30% used [0x00000000a0000000,0x00000000a1fed168,0x00000000a6980000)
 Metaspace       used 63233K, capacity 64894K, committed 65152K, reserved 1105920K
  class space    used 8613K, capacity 9053K, committed 9088K, reserved 1048576K
}
Event: 35.692 GC heap before
{Heap before GC invocations=18 (full 3):
 PSYoungGen      total 187904K, used 187814K [0x00000000e0000000, 0x00000000ecc80000, 0x0000000100000000)
  eden space 178688K, 100% used [0x00000000e0000000,0x00000000eae80000,0x00000000eae80000)
  from space 9216K, 99% used [0x00000000ec380000,0x00000000ecc69900,0x00000000ecc80000)
  to   space 14336K, 0% used [0x00000000eb080000,0x00000000eb080000,0x00000000ebe80000)
 ParOldGen       total 108032K, used 32692K [0x00000000a0000000, 0x00000000a6980000, 0x00000000e0000000)
  object space 108032K, 30% used [0x00000000a0000000,0x00000000a1fed168,0x00000000a6980000)
 Metaspace       used 64568K, capacity 66364K, committed 66560K, reserved 1105920K
  class space    used 8701K, capacity 9174K, committed 9216K, reserved 1048576K
Event: 35.727 GC heap after
Heap after GC invocations=18 (full 3):
 PSYoungGen      total 195072K, used 14315K [0x00000000e0000000, 0x00000000ef400000, 0x0000000100000000)
  eden space 180736K, 0% used [0x00000000e0000000,0x00000000e0000000,0x00000000eb080000)
  from space 14336K, 99% used [0x00000000eb080000,0x00000000ebe7af18,0x00000000ebe80000)
  to   space 16384K, 0% used [0x00000000ee400000,0x00000000ee400000,0x00000000ef400000)
 ParOldGen       total 108032K, used 33787K [0x00000000a0000000, 0x00000000a6980000, 0x00000000e0000000)
  object space 108032K, 31% used [0x00000000a0000000,0x00000000a20fed28,0x00000000a6980000)
 Metaspace       used 64568K, capacity 66364K, committed 66560K, reserved 1105920K
  class space    used 8701K, capacity 9174K, committed 9216K, reserved 1048576K
}
Event: 42.673 GC heap before
{Heap before GC invocations=19 (full 3):
 PSYoungGen      total 195072K, used 195051K [0x00000000e0000000, 0x00000000ef400000, 0x0000000100000000)
  eden space 180736K, 100% used [0x00000000e0000000,0x00000000eb080000,0x00000000eb080000)
  from space 14336K, 99% used [0x00000000eb080000,0x00000000ebe7af18,0x00000000ebe80000)
  to   space 16384K, 0% used [0x00000000ee400000,0x00000000ee400000,0x00000000ef400000)
 ParOldGen       total 108032K, used 33787K [0x00000000a0000000, 0x00000000a6980000, 0x00000000e0000000)
  object space 108032K, 31% used [0x00000000a0000000,0x00000000a20fed28,0x00000000a6980000)
 Metaspace       used 67913K, capacity 69928K, committed 70272K, reserved 1110016K
  class space    used 8977K, capacity 9500K, committed 9600K, reserved 1048576K
Event: 42.752 GC heap after
Heap after GC invocations=19 (full 3):
 PSYoungGen      total 224256K, used 16375K [0x00000000e0000000, 0x00000000f0780000, 0x0000000100000000)
  eden space 207872K, 0% used [0x00000000e0000000,0x00000000e0000000,0x00000000ecb00000)
  from space 16384K, 99% used [0x00000000ee400000,0x00000000ef3fdfe8,0x00000000ef400000)
  to   space 25600K, 0% used [0x00000000ecb00000,0x00000000ecb00000,0x00000000ee400000)
 ParOldGen       total 108032K, used 52037K [0x00000000a0000000, 0x00000000a6980000, 0x00000000e0000000)
  object space 108032K, 48% used [0x00000000a0000000,0x00000000a32d1420,0x00000000a6980000)
 Metaspace       used 67913K, capacity 69928K, committed 70272K, reserved 1110016K
  class space    used 8977K, capacity 9500K, committed 9600K, reserved 1048576K
}
Event: 717.314 GC heap before
{Heap before GC invocations=20 (full 3):
 PSYoungGen      total 224256K, used 224247K [0x00000000e0000000, 0x00000000f0780000, 0x0000000100000000)
  eden space 207872K, 100% used [0x00000000e0000000,0x00000000ecb00000,0x00000000ecb00000)
  from space 16384K, 99% used [0x00000000ee400000,0x00000000ef3fdfe8,0x00000000ef400000)
  to   space 25600K, 0% used [0x00000000ecb00000,0x00000000ecb00000,0x00000000ee400000)
 ParOldGen       total 108032K, used 52037K [0x00000000a0000000, 0x00000000a6980000, 0x00000000e0000000)
  object space 108032K, 48% used [0x00000000a0000000,0x00000000a32d1420,0x00000000a6980000)
 Metaspace       used 78917K, capacity 81292K, committed 81408K, reserved 1120256K
  class space    used 10398K, capacity 11007K, committed 11008K, reserved 1048576K
Event: 717.392 GC heap after
Heap after GC invocations=20 (full 3):
 PSYoungGen      total 233472K, used 19970K [0x00000000e0000000, 0x00000000f1780000, 0x0000000100000000)
  eden space 207872K, 0% used [0x00000000e0000000,0x00000000e0000000,0x00000000ecb00000)
  from space 25600K, 78% used [0x00000000ecb00000,0x00000000ede80ae8,0x00000000ee400000)
  to   space 27136K, 0% used [0x00000000efd00000,0x00000000efd00000,0x00000000f1780000)
 ParOldGen       total 108032K, used 53015K [0x00000000a0000000, 0x00000000a6980000, 0x00000000e0000000)
  object space 108032K, 49% used [0x00000000a0000000,0x00000000a33c5ff0,0x00000000a6980000)
 Metaspace       used 78917K, capacity 81292K, committed 81408K, reserved 1120256K
  class space    used 10398K, capacity 11007K, committed 11008K, reserved 1048576K
}
Event: 740.223 GC heap before
{Heap before GC invocations=21 (full 3):
 PSYoungGen      total 233472K, used 227842K [0x00000000e0000000, 0x00000000f1780000, 0x0000000100000000)
  eden space 207872K, 100% used [0x00000000e0000000,0x00000000ecb00000,0x00000000ecb00000)
  from space 25600K, 78% used [0x00000000ecb00000,0x00000000ede80ae8,0x00000000ee400000)
  to   space 27136K, 0% used [0x00000000efd00000,0x00000000efd00000,0x00000000f1780000)
 ParOldGen       total 108032K, used 53015K [0x00000000a0000000, 0x00000000a6980000, 0x00000000e0000000)
  object space 108032K, 49% used [0x00000000a0000000,0x00000000a33c5ff0,0x00000000a6980000)
 Metaspace       used 88899K, capacity 91826K, committed 92160K, reserved 1128448K
  class space    used 11710K, capacity 12440K, committed 12544K, reserved 1048576K
Event: 740.300 GC heap after
Heap after GC invocations=21 (full 3):
 PSYoungGen      total 227328K, used 27114K [0x00000000e0000000, 0x00000000f1780000, 0x0000000100000000)
  eden space 200192K, 0% used [0x00000000e0000000,0x00000000e0000000,0x00000000ec380000)
  from space 27136K, 99% used [0x00000000efd00000,0x00000000f177a920,0x00000000f1780000)
  to   space 32256K, 0% used [0x00000000ed880000,0x00000000ed880000,0x00000000ef800000)
 ParOldGen       total 108032K, used 54957K [0x00000000a0000000, 0x00000000a6980000, 0x00000000e0000000)
  object space 108032K, 50% used [0x00000000a0000000,0x00000000a35ab4d0,0x00000000a6980000)
 Metaspace       used 88899K, capacity 91826K, committed 92160K, reserved 1128448K
  class space    used 11710K, capacity 12440K, committed 12544K, reserved 1048576K
}

